<?xml version="1.0" encoding="UTF-8" ?>
<testsuite tests="1" failures="0" name="com.zxc.AppTest" time="0.002" errors="0" skipped="0">
  <properties>
    <property name="java.runtime.name" value="Java(TM) SE Runtime Environment"/>
    <property name="sun.boot.library.path" value="D:\JavaJdk1.8\jre\bin"/>
    <property name="java.vm.version" value="25.101-b13"/>
    <property name="java.vm.vendor" value="Oracle Corporation"/>
    <property name="maven.multiModuleProjectDirectory" value="D:\IdeaProject\TAOTAO\taotao-commons"/>
    <property name="java.vendor.url" value="http://java.oracle.com/"/>
    <property name="path.separator" value=";"/>
    <property name="guice.disable.misplaced.annotation.check" value="true"/>
    <property name="java.vm.name" value="Java HotSpot(TM) 64-Bit Server VM"/>
    <property name="file.encoding.pkg" value="sun.io"/>
    <property name="user.script" value=""/>
    <property name="user.country" value="CN"/>
    <property name="sun.java.launcher" value="SUN_STANDARD"/>
    <property name="sun.os.patch.level" value=""/>
    <property name="java.vm.specification.name" value="Java Virtual Machine Specification"/>
    <property name="user.dir" value="D:\IdeaProject\TAOTAO\taotao-commons"/>
    <property name="java.runtime.version" value="1.8.0_101-b13"/>
    <property name="java.awt.graphicsenv" value="sun.awt.Win32GraphicsEnvironment"/>
    <property name="java.endorsed.dirs" value="D:\JavaJdk1.8\jre\lib\endorsed"/>
    <property name="os.arch" value="amd64"/>
    <property name="java.io.tmpdir" value="C:\Users\28987\AppData\Local\Temp\"/>
    <property name="line.separator" value="
"/>
    <property name="java.vm.specification.vendor" value="Oracle Corporation"/>
    <property name="user.variant" value=""/>
    <property name="os.name" value="Windows 10"/>
    <property name="maven.ext.class.path" value="D:\Idea2019.3.5\IntelliJ IDEA 2019.3.5\plugins\maven\lib\maven-event-listener.jar"/>
    <property name="archetypeCatalog" value="internal"/>
    <property name="classworlds.conf" value="D:\maven_work\apache-maven-3.3.9\bin\m2.conf"/>
    <property name="sun.jnu.encoding" value="GBK"/>
    <property name="java.library.path" value="D:\JavaJdk1.8\bin;C:\WINDOWS\Sun\Java\bin;C:\WINDOWS\system32;C:\WINDOWS;D:\python3.8.4\Scripts\;D:\python3.8.4\;C:\WINDOWS\system32;C:\WINDOWS;C:\WINDOWS\System32\Wbem;C:\WINDOWS\System32\WindowsPowerShell\v1.0\;C:\WINDOWS\System32\OpenSSH\;C:\Program Files\MySQL\MySQL Server 5.5\bin;D:\JavaJdk1.8\bin;E:\apache-tomcat-8.5.63\bin;D:\maven_work\apache-maven-3.3.9\bin;D:\Git\Git\cmd;&quot;J:\scala2.11.2\bin;&quot;;J:\scala2.11.2\bin;J:\;C:\Users\28987\AppData\Local\Microsoft\WindowsApps;;J:\idea2020.2.4\IntelliJ IDEA 2020.2.4\bin;;D:\pycharm\PyCharm 2019.3.5\bin;;J:\CLion2020.1\CLion 2020.1\bin;;."/>
    <property name="java.specification.name" value="Java Platform API Specification"/>
    <property name="java.class.version" value="52.0"/>
    <property name="sun.management.compiler" value="HotSpot 64-Bit Tiered Compilers"/>
    <property name="maven.repo.local" value="D:\maven_work\repository"/>
    <property name="idea.version2019.3.5" value="true"/>
    <property name="os.version" value="10.0"/>
    <property name="user.home" value="C:\Users\28987"/>
    <property name="user.timezone" value="Asia/Shanghai"/>
    <property name="java.awt.printerjob" value="sun.awt.windows.WPrinterJob"/>
    <property name="java.specification.version" value="1.8"/>
    <property name="file.encoding" value="UTF-8"/>
    <property name="user.name" value="28987"/>
    <property name="java.class.path" value="D:\maven_work\apache-maven-3.3.9\boot\plexus-classworlds-2.5.2.jar;D:\Idea2019.3.5\IntelliJ IDEA 2019.3.5\lib\idea_rt.jar"/>
    <property name="java.vm.specification.version" value="1.8"/>
    <property name="sun.arch.data.model" value="64"/>
    <property name="java.home" value="D:\JavaJdk1.8\jre"/>
    <property name="sun.java.command" value="org.codehaus.classworlds.Launcher -Didea.version2019.3.5 -s D:\maven_work\apache-maven-3.3.9\conf\settings.xml -Dmaven.repo.local=D:\maven_work\repository install"/>
    <property name="java.specification.vendor" value="Oracle Corporation"/>
    <property name="user.language" value="zh"/>
    <property name="awt.toolkit" value="sun.awt.windows.WToolkit"/>
    <property name="java.vm.info" value="mixed mode"/>
    <property name="java.version" value="1.8.0_101"/>
    <property name="java.ext.dirs" value="D:\JavaJdk1.8\jre\lib\ext;C:\WINDOWS\Sun\Java\lib\ext"/>
    <property name="sun.boot.class.path" value="D:\JavaJdk1.8\jre\lib\resources.jar;D:\JavaJdk1.8\jre\lib\rt.jar;D:\JavaJdk1.8\jre\lib\sunrsasign.jar;D:\JavaJdk1.8\jre\lib\jsse.jar;D:\JavaJdk1.8\jre\lib\jce.jar;D:\JavaJdk1.8\jre\lib\charsets.jar;D:\JavaJdk1.8\jre\lib\jfr.jar;D:\JavaJdk1.8\jre\classes"/>
    <property name="java.vendor" value="Oracle Corporation"/>
    <property name="maven.home" value="D:\maven_work\apache-maven-3.3.9"/>
    <property name="file.separator" value="\"/>
    <property name="java.vendor.url.bug" value="http://bugreport.sun.com/bugreport/"/>
    <property name="sun.cpu.endian" value="little"/>
    <property name="sun.io.unicode.encoding" value="UnicodeLittle"/>
    <property name="sun.desktop" value="windows"/>
    <property name="sun.cpu.isalist" value="amd64"/>
  </properties>
  <testcase classname="com.zxc.AppTest" name="shouldAnswerWithTrue" time="0.002"/>
</testsuite>